[0.695s] DEBUG:colcon:Command line arguments: ['/usr/bin/colcon', 'list', '--base-paths', '/home/mglee/Morai/src']
[0.695s] DEBUG:colcon:Parsed command line arguments: Namespace(log_base=None, log_level=None, verb_name='list', build_base='build', ignore_user_meta=False, metas=['./colcon.meta'], base_paths=['/home/mglee/Morai/src'], packages_ignore=None, packages_ignore_regex=None, paths=None, packages_up_to=None, packages_up_to_regex=None, packages_above=None, packages_above_and_dependencies=None, packages_above_depth=None, packages_select_by_dep=None, packages_skip_by_dep=None, packages_skip_up_to=None, packages_select_build_failed=False, packages_skip_build_finished=False, packages_select_test_failures=False, packages_skip_test_passed=False, packages_select=None, packages_skip=None, packages_select_regex=None, packages_skip_regex=None, packages_start=None, packages_end=None, allow_overriding=[], topological_order=False, names_only=False, paths_only=False, topological_graph=False, topological_graph_dot=False, topological_graph_density=False, topological_graph_legend=False, topological_graph_dot_cluster=False, topological_graph_dot_include_skipped=False, verb_parser=<colcon_defaults.argument_parser.defaults.DefaultArgumentsDecorator object at 0x7ef05f230f70>, verb_extension=<colcon_package_information.verb.list.ListVerb object at 0x7ef05f3ffe80>, main=<bound method ListVerb.main of <colcon_package_information.verb.list.ListVerb object at 0x7ef05f3ffe80>>)
[1.270s] Level 1:colcon.colcon_core.package_discovery:discover_packages(colcon_meta) check parameters
[1.270s] Level 1:colcon.colcon_core.package_discovery:discover_packages(recursive) check parameters
[1.270s] Level 1:colcon.colcon_core.package_discovery:discover_packages(ignore) check parameters
[1.270s] Level 1:colcon.colcon_core.package_discovery:discover_packages(path) check parameters
[1.270s] Level 1:colcon.colcon_core.package_discovery:discover_packages(recursive) discover
[1.270s] INFO:colcon.colcon_core.package_discovery:Crawling recursively for packages in '/home/mglee/Morai/src'
[1.270s] Level 1:colcon.colcon_core.package_identification:_identify(/home/mglee/Morai/src) by extensions ['ignore', 'ignore_ament_install']
[1.270s] Level 1:colcon.colcon_core.package_identification:_identify(/home/mglee/Morai/src) by extension 'ignore'
[1.270s] Level 1:colcon.colcon_core.package_identification:_identify(/home/mglee/Morai/src) by extension 'ignore_ament_install'
[1.270s] Level 1:colcon.colcon_core.package_identification:_identify(/home/mglee/Morai/src) by extensions ['colcon_pkg']
[1.270s] Level 1:colcon.colcon_core.package_identification:_identify(/home/mglee/Morai/src) by extension 'colcon_pkg'
[1.270s] Level 1:colcon.colcon_core.package_identification:_identify(/home/mglee/Morai/src) by extensions ['colcon_meta']
[1.270s] Level 1:colcon.colcon_core.package_identification:_identify(/home/mglee/Morai/src) by extension 'colcon_meta'
[1.270s] Level 1:colcon.colcon_core.package_identification:_identify(/home/mglee/Morai/src) by extensions ['ros']
[1.270s] Level 1:colcon.colcon_core.package_identification:_identify(/home/mglee/Morai/src) by extension 'ros'
[1.330s] Level 1:colcon.colcon_core.package_identification:_identify(/home/mglee/Morai/src) by extensions ['cmake', 'python']
[1.330s] Level 1:colcon.colcon_core.package_identification:_identify(/home/mglee/Morai/src) by extension 'cmake'
[1.330s] Level 1:colcon.colcon_core.package_identification:_identify(/home/mglee/Morai/src) by extension 'python'
[1.330s] Level 1:colcon.colcon_core.package_identification:_identify(/home/mglee/Morai/src) by extensions ['python_setup_py']
[1.330s] Level 1:colcon.colcon_core.package_identification:_identify(/home/mglee/Morai/src) by extension 'python_setup_py'
[1.330s] Level 1:colcon.colcon_core.package_identification:_identify(/home/mglee/Morai/src/MORAI-DriveExample_ROS2) by extensions ['ignore', 'ignore_ament_install']
[1.330s] Level 1:colcon.colcon_core.package_identification:_identify(/home/mglee/Morai/src/MORAI-DriveExample_ROS2) by extension 'ignore'
[1.330s] Level 1:colcon.colcon_core.package_identification:_identify(/home/mglee/Morai/src/MORAI-DriveExample_ROS2) by extension 'ignore_ament_install'
[1.330s] Level 1:colcon.colcon_core.package_identification:_identify(/home/mglee/Morai/src/MORAI-DriveExample_ROS2) by extensions ['colcon_pkg']
[1.330s] Level 1:colcon.colcon_core.package_identification:_identify(/home/mglee/Morai/src/MORAI-DriveExample_ROS2) by extension 'colcon_pkg'
[1.330s] Level 1:colcon.colcon_core.package_identification:_identify(/home/mglee/Morai/src/MORAI-DriveExample_ROS2) by extensions ['colcon_meta']
[1.330s] Level 1:colcon.colcon_core.package_identification:_identify(/home/mglee/Morai/src/MORAI-DriveExample_ROS2) by extension 'colcon_meta'
[1.330s] Level 1:colcon.colcon_core.package_identification:_identify(/home/mglee/Morai/src/MORAI-DriveExample_ROS2) by extensions ['ros']
[1.330s] Level 1:colcon.colcon_core.package_identification:_identify(/home/mglee/Morai/src/MORAI-DriveExample_ROS2) by extension 'ros'
[1.330s] Level 1:colcon.colcon_core.package_identification:_identify(/home/mglee/Morai/src/MORAI-DriveExample_ROS2) by extensions ['cmake', 'python']
[1.330s] Level 1:colcon.colcon_core.package_identification:_identify(/home/mglee/Morai/src/MORAI-DriveExample_ROS2) by extension 'cmake'
[1.330s] Level 1:colcon.colcon_core.package_identification:_identify(/home/mglee/Morai/src/MORAI-DriveExample_ROS2) by extension 'python'
[1.330s] Level 1:colcon.colcon_core.package_identification:_identify(/home/mglee/Morai/src/MORAI-DriveExample_ROS2) by extensions ['python_setup_py']
[1.330s] Level 1:colcon.colcon_core.package_identification:_identify(/home/mglee/Morai/src/MORAI-DriveExample_ROS2) by extension 'python_setup_py'
[1.331s] Level 1:colcon.colcon_core.package_identification:_identify(/home/mglee/Morai/src/MORAI-DriveExample_ROS2/docs) by extensions ['ignore', 'ignore_ament_install']
[1.331s] Level 1:colcon.colcon_core.package_identification:_identify(/home/mglee/Morai/src/MORAI-DriveExample_ROS2/docs) by extension 'ignore'
[1.331s] Level 1:colcon.colcon_core.package_identification:_identify(/home/mglee/Morai/src/MORAI-DriveExample_ROS2/docs) by extension 'ignore_ament_install'
[1.331s] Level 1:colcon.colcon_core.package_identification:_identify(/home/mglee/Morai/src/MORAI-DriveExample_ROS2/docs) by extensions ['colcon_pkg']
[1.331s] Level 1:colcon.colcon_core.package_identification:_identify(/home/mglee/Morai/src/MORAI-DriveExample_ROS2/docs) by extension 'colcon_pkg'
[1.331s] Level 1:colcon.colcon_core.package_identification:_identify(/home/mglee/Morai/src/MORAI-DriveExample_ROS2/docs) by extensions ['colcon_meta']
[1.331s] Level 1:colcon.colcon_core.package_identification:_identify(/home/mglee/Morai/src/MORAI-DriveExample_ROS2/docs) by extension 'colcon_meta'
[1.331s] Level 1:colcon.colcon_core.package_identification:_identify(/home/mglee/Morai/src/MORAI-DriveExample_ROS2/docs) by extensions ['ros']
[1.331s] Level 1:colcon.colcon_core.package_identification:_identify(/home/mglee/Morai/src/MORAI-DriveExample_ROS2/docs) by extension 'ros'
[1.331s] Level 1:colcon.colcon_core.package_identification:_identify(/home/mglee/Morai/src/MORAI-DriveExample_ROS2/docs) by extensions ['cmake', 'python']
[1.331s] Level 1:colcon.colcon_core.package_identification:_identify(/home/mglee/Morai/src/MORAI-DriveExample_ROS2/docs) by extension 'cmake'
[1.331s] Level 1:colcon.colcon_core.package_identification:_identify(/home/mglee/Morai/src/MORAI-DriveExample_ROS2/docs) by extension 'python'
[1.331s] Level 1:colcon.colcon_core.package_identification:_identify(/home/mglee/Morai/src/MORAI-DriveExample_ROS2/docs) by extensions ['python_setup_py']
[1.331s] Level 1:colcon.colcon_core.package_identification:_identify(/home/mglee/Morai/src/MORAI-DriveExample_ROS2/docs) by extension 'python_setup_py'
[1.331s] Level 1:colcon.colcon_core.package_identification:_identify(/home/mglee/Morai/src/MORAI-DriveExample_ROS2/morai_ros2_msgs) by extensions ['ignore', 'ignore_ament_install']
[1.331s] Level 1:colcon.colcon_core.package_identification:_identify(/home/mglee/Morai/src/MORAI-DriveExample_ROS2/morai_ros2_msgs) by extension 'ignore'
[1.331s] Level 1:colcon.colcon_core.package_identification:_identify(/home/mglee/Morai/src/MORAI-DriveExample_ROS2/morai_ros2_msgs) by extension 'ignore_ament_install'
[1.331s] Level 1:colcon.colcon_core.package_identification:_identify(/home/mglee/Morai/src/MORAI-DriveExample_ROS2/morai_ros2_msgs) by extensions ['colcon_pkg']
[1.331s] Level 1:colcon.colcon_core.package_identification:_identify(/home/mglee/Morai/src/MORAI-DriveExample_ROS2/morai_ros2_msgs) by extension 'colcon_pkg'
[1.331s] Level 1:colcon.colcon_core.package_identification:_identify(/home/mglee/Morai/src/MORAI-DriveExample_ROS2/morai_ros2_msgs) by extensions ['colcon_meta']
[1.331s] Level 1:colcon.colcon_core.package_identification:_identify(/home/mglee/Morai/src/MORAI-DriveExample_ROS2/morai_ros2_msgs) by extension 'colcon_meta'
[1.331s] Level 1:colcon.colcon_core.package_identification:_identify(/home/mglee/Morai/src/MORAI-DriveExample_ROS2/morai_ros2_msgs) by extensions ['ros']
[1.331s] Level 1:colcon.colcon_core.package_identification:_identify(/home/mglee/Morai/src/MORAI-DriveExample_ROS2/morai_ros2_msgs) by extension 'ros'
[1.336s] DEBUG:colcon.colcon_core.package_identification:Package '/home/mglee/Morai/src/MORAI-DriveExample_ROS2/morai_ros2_msgs' with type 'ros.ament_cmake' and name 'morai_ros2_msgs'
[1.336s] Level 1:colcon.colcon_core.package_identification:_identify(/home/mglee/Morai/src/MORAI-DriveExample_ROS2/morai_standard) by extensions ['ignore', 'ignore_ament_install']
[1.336s] Level 1:colcon.colcon_core.package_identification:_identify(/home/mglee/Morai/src/MORAI-DriveExample_ROS2/morai_standard) by extension 'ignore'
[1.336s] Level 1:colcon.colcon_core.package_identification:_identify(/home/mglee/Morai/src/MORAI-DriveExample_ROS2/morai_standard) by extension 'ignore_ament_install'
[1.336s] Level 1:colcon.colcon_core.package_identification:_identify(/home/mglee/Morai/src/MORAI-DriveExample_ROS2/morai_standard) by extensions ['colcon_pkg']
[1.336s] Level 1:colcon.colcon_core.package_identification:_identify(/home/mglee/Morai/src/MORAI-DriveExample_ROS2/morai_standard) by extension 'colcon_pkg'
[1.336s] Level 1:colcon.colcon_core.package_identification:_identify(/home/mglee/Morai/src/MORAI-DriveExample_ROS2/morai_standard) by extensions ['colcon_meta']
[1.336s] Level 1:colcon.colcon_core.package_identification:_identify(/home/mglee/Morai/src/MORAI-DriveExample_ROS2/morai_standard) by extension 'colcon_meta'
[1.336s] Level 1:colcon.colcon_core.package_identification:_identify(/home/mglee/Morai/src/MORAI-DriveExample_ROS2/morai_standard) by extensions ['ros']
[1.336s] Level 1:colcon.colcon_core.package_identification:_identify(/home/mglee/Morai/src/MORAI-DriveExample_ROS2/morai_standard) by extension 'ros'
[1.337s] DEBUG:colcon.colcon_core.package_identification:Package '/home/mglee/Morai/src/MORAI-DriveExample_ROS2/morai_standard' with type 'ros.ament_python' and name 'morai_standard'
[1.337s] Level 1:colcon.colcon_core.package_identification:_identify(/home/mglee/Morai/src/MORAI-SensorExample) by extensions ['ignore', 'ignore_ament_install']
[1.337s] Level 1:colcon.colcon_core.package_identification:_identify(/home/mglee/Morai/src/MORAI-SensorExample) by extension 'ignore'
[1.337s] Level 1:colcon.colcon_core.package_identification:_identify(/home/mglee/Morai/src/MORAI-SensorExample) by extension 'ignore_ament_install'
[1.337s] Level 1:colcon.colcon_core.package_identification:_identify(/home/mglee/Morai/src/MORAI-SensorExample) by extensions ['colcon_pkg']
[1.337s] Level 1:colcon.colcon_core.package_identification:_identify(/home/mglee/Morai/src/MORAI-SensorExample) by extension 'colcon_pkg'
[1.337s] Level 1:colcon.colcon_core.package_identification:_identify(/home/mglee/Morai/src/MORAI-SensorExample) by extensions ['colcon_meta']
[1.337s] Level 1:colcon.colcon_core.package_identification:_identify(/home/mglee/Morai/src/MORAI-SensorExample) by extension 'colcon_meta'
[1.337s] Level 1:colcon.colcon_core.package_identification:_identify(/home/mglee/Morai/src/MORAI-SensorExample) by extensions ['ros']
[1.337s] Level 1:colcon.colcon_core.package_identification:_identify(/home/mglee/Morai/src/MORAI-SensorExample) by extension 'ros'
[1.337s] Level 1:colcon.colcon_core.package_identification:_identify(/home/mglee/Morai/src/MORAI-SensorExample) by extensions ['cmake', 'python']
[1.337s] Level 1:colcon.colcon_core.package_identification:_identify(/home/mglee/Morai/src/MORAI-SensorExample) by extension 'cmake'
[1.337s] Level 1:colcon.colcon_core.package_identification:_identify(/home/mglee/Morai/src/MORAI-SensorExample) by extension 'python'
[1.337s] Level 1:colcon.colcon_core.package_identification:_identify(/home/mglee/Morai/src/MORAI-SensorExample) by extensions ['python_setup_py']
[1.337s] Level 1:colcon.colcon_core.package_identification:_identify(/home/mglee/Morai/src/MORAI-SensorExample) by extension 'python_setup_py'
[1.337s] Level 1:colcon.colcon_core.package_identification:_identify(/home/mglee/Morai/src/MORAI-SensorExample/docs) by extensions ['ignore', 'ignore_ament_install']
[1.337s] Level 1:colcon.colcon_core.package_identification:_identify(/home/mglee/Morai/src/MORAI-SensorExample/docs) by extension 'ignore'
[1.337s] Level 1:colcon.colcon_core.package_identification:_identify(/home/mglee/Morai/src/MORAI-SensorExample/docs) by extension 'ignore_ament_install'
[1.337s] Level 1:colcon.colcon_core.package_identification:_identify(/home/mglee/Morai/src/MORAI-SensorExample/docs) by extensions ['colcon_pkg']
[1.337s] Level 1:colcon.colcon_core.package_identification:_identify(/home/mglee/Morai/src/MORAI-SensorExample/docs) by extension 'colcon_pkg'
[1.337s] Level 1:colcon.colcon_core.package_identification:_identify(/home/mglee/Morai/src/MORAI-SensorExample/docs) by extensions ['colcon_meta']
[1.337s] Level 1:colcon.colcon_core.package_identification:_identify(/home/mglee/Morai/src/MORAI-SensorExample/docs) by extension 'colcon_meta'
[1.338s] Level 1:colcon.colcon_core.package_identification:_identify(/home/mglee/Morai/src/MORAI-SensorExample/docs) by extensions ['ros']
[1.338s] Level 1:colcon.colcon_core.package_identification:_identify(/home/mglee/Morai/src/MORAI-SensorExample/docs) by extension 'ros'
[1.338s] Level 1:colcon.colcon_core.package_identification:_identify(/home/mglee/Morai/src/MORAI-SensorExample/docs) by extensions ['cmake', 'python']
[1.338s] Level 1:colcon.colcon_core.package_identification:_identify(/home/mglee/Morai/src/MORAI-SensorExample/docs) by extension 'cmake'
[1.338s] Level 1:colcon.colcon_core.package_identification:_identify(/home/mglee/Morai/src/MORAI-SensorExample/docs) by extension 'python'
[1.338s] Level 1:colcon.colcon_core.package_identification:_identify(/home/mglee/Morai/src/MORAI-SensorExample/docs) by extensions ['python_setup_py']
[1.338s] Level 1:colcon.colcon_core.package_identification:_identify(/home/mglee/Morai/src/MORAI-SensorExample/docs) by extension 'python_setup_py'
[1.338s] Level 1:colcon.colcon_core.package_identification:_identify(/home/mglee/Morai/src/MORAI-SensorExample/lib) by extensions ['ignore', 'ignore_ament_install']
[1.338s] Level 1:colcon.colcon_core.package_identification:_identify(/home/mglee/Morai/src/MORAI-SensorExample/lib) by extension 'ignore'
[1.338s] Level 1:colcon.colcon_core.package_identification:_identify(/home/mglee/Morai/src/MORAI-SensorExample/lib) by extension 'ignore_ament_install'
[1.338s] Level 1:colcon.colcon_core.package_identification:_identify(/home/mglee/Morai/src/MORAI-SensorExample/lib) by extensions ['colcon_pkg']
[1.338s] Level 1:colcon.colcon_core.package_identification:_identify(/home/mglee/Morai/src/MORAI-SensorExample/lib) by extension 'colcon_pkg'
[1.338s] Level 1:colcon.colcon_core.package_identification:_identify(/home/mglee/Morai/src/MORAI-SensorExample/lib) by extensions ['colcon_meta']
[1.338s] Level 1:colcon.colcon_core.package_identification:_identify(/home/mglee/Morai/src/MORAI-SensorExample/lib) by extension 'colcon_meta'
[1.338s] Level 1:colcon.colcon_core.package_identification:_identify(/home/mglee/Morai/src/MORAI-SensorExample/lib) by extensions ['ros']
[1.338s] Level 1:colcon.colcon_core.package_identification:_identify(/home/mglee/Morai/src/MORAI-SensorExample/lib) by extension 'ros'
[1.338s] Level 1:colcon.colcon_core.package_identification:_identify(/home/mglee/Morai/src/MORAI-SensorExample/lib) by extensions ['cmake', 'python']
[1.338s] Level 1:colcon.colcon_core.package_identification:_identify(/home/mglee/Morai/src/MORAI-SensorExample/lib) by extension 'cmake'
[1.338s] Level 1:colcon.colcon_core.package_identification:_identify(/home/mglee/Morai/src/MORAI-SensorExample/lib) by extension 'python'
[1.338s] Level 1:colcon.colcon_core.package_identification:_identify(/home/mglee/Morai/src/MORAI-SensorExample/lib) by extensions ['python_setup_py']
[1.338s] Level 1:colcon.colcon_core.package_identification:_identify(/home/mglee/Morai/src/MORAI-SensorExample/lib) by extension 'python_setup_py'
[1.340s] Level 1:colcon.colcon_core.package_identification:_identify(/home/mglee/Morai/src/MORAI-SensorExample/lib/morai-ros-msgs) by extensions ['ignore', 'ignore_ament_install']
[1.340s] Level 1:colcon.colcon_core.package_identification:_identify(/home/mglee/Morai/src/MORAI-SensorExample/lib/morai-ros-msgs) by extension 'ignore'
[1.341s] Level 1:colcon.colcon_core.package_identification:_identify(/home/mglee/Morai/src/MORAI-SensorExample/lib/morai-ros-msgs) by extension 'ignore_ament_install'
[1.341s] Level 1:colcon.colcon_core.package_identification:_identify(/home/mglee/Morai/src/MORAI-SensorExample/lib/morai-ros-msgs) by extensions ['colcon_pkg']
[1.341s] Level 1:colcon.colcon_core.package_identification:_identify(/home/mglee/Morai/src/MORAI-SensorExample/lib/morai-ros-msgs) by extension 'colcon_pkg'
[1.341s] Level 1:colcon.colcon_core.package_identification:_identify(/home/mglee/Morai/src/MORAI-SensorExample/lib/morai-ros-msgs) by extensions ['colcon_meta']
[1.341s] Level 1:colcon.colcon_core.package_identification:_identify(/home/mglee/Morai/src/MORAI-SensorExample/lib/morai-ros-msgs) by extension 'colcon_meta'
[1.341s] Level 1:colcon.colcon_core.package_identification:_identify(/home/mglee/Morai/src/MORAI-SensorExample/lib/morai-ros-msgs) by extensions ['ros']
[1.341s] Level 1:colcon.colcon_core.package_identification:_identify(/home/mglee/Morai/src/MORAI-SensorExample/lib/morai-ros-msgs) by extension 'ros'
[1.341s] Level 1:colcon.colcon_core.package_identification:_identify(/home/mglee/Morai/src/MORAI-SensorExample/lib/morai-ros-msgs) by extensions ['cmake', 'python']
[1.341s] Level 1:colcon.colcon_core.package_identification:_identify(/home/mglee/Morai/src/MORAI-SensorExample/lib/morai-ros-msgs) by extension 'cmake'
[1.341s] Level 1:colcon.colcon_core.package_identification:_identify(/home/mglee/Morai/src/MORAI-SensorExample/lib/morai-ros-msgs) by extension 'python'
[1.341s] Level 1:colcon.colcon_core.package_identification:_identify(/home/mglee/Morai/src/MORAI-SensorExample/lib/morai-ros-msgs) by extensions ['python_setup_py']
[1.341s] Level 1:colcon.colcon_core.package_identification:_identify(/home/mglee/Morai/src/MORAI-SensorExample/lib/morai-ros-msgs) by extension 'python_setup_py'
[1.341s] Level 1:colcon.colcon_core.package_identification:_identify(/home/mglee/Morai/src/MORAI-SensorExample/src) by extensions ['ignore', 'ignore_ament_install']
[1.341s] Level 1:colcon.colcon_core.package_identification:_identify(/home/mglee/Morai/src/MORAI-SensorExample/src) by extension 'ignore'
[1.341s] Level 1:colcon.colcon_core.package_identification:_identify(/home/mglee/Morai/src/MORAI-SensorExample/src) by extension 'ignore_ament_install'
[1.341s] Level 1:colcon.colcon_core.package_identification:_identify(/home/mglee/Morai/src/MORAI-SensorExample/src) by extensions ['colcon_pkg']
[1.341s] Level 1:colcon.colcon_core.package_identification:_identify(/home/mglee/Morai/src/MORAI-SensorExample/src) by extension 'colcon_pkg'
[1.341s] Level 1:colcon.colcon_core.package_identification:_identify(/home/mglee/Morai/src/MORAI-SensorExample/src) by extensions ['colcon_meta']
[1.341s] Level 1:colcon.colcon_core.package_identification:_identify(/home/mglee/Morai/src/MORAI-SensorExample/src) by extension 'colcon_meta'
[1.341s] Level 1:colcon.colcon_core.package_identification:_identify(/home/mglee/Morai/src/MORAI-SensorExample/src) by extensions ['ros']
[1.341s] Level 1:colcon.colcon_core.package_identification:_identify(/home/mglee/Morai/src/MORAI-SensorExample/src) by extension 'ros'
[1.341s] Level 1:colcon.colcon_core.package_identification:_identify(/home/mglee/Morai/src/MORAI-SensorExample/src) by extensions ['cmake', 'python']
[1.341s] Level 1:colcon.colcon_core.package_identification:_identify(/home/mglee/Morai/src/MORAI-SensorExample/src) by extension 'cmake'
[1.341s] Level 1:colcon.colcon_core.package_identification:_identify(/home/mglee/Morai/src/MORAI-SensorExample/src) by extension 'python'
[1.341s] Level 1:colcon.colcon_core.package_identification:_identify(/home/mglee/Morai/src/MORAI-SensorExample/src) by extensions ['python_setup_py']
[1.341s] Level 1:colcon.colcon_core.package_identification:_identify(/home/mglee/Morai/src/MORAI-SensorExample/src) by extension 'python_setup_py'
[1.341s] Level 1:colcon.colcon_core.package_identification:_identify(/home/mglee/Morai/src/MORAI-SensorExample/src/sensor_example) by extensions ['ignore', 'ignore_ament_install']
[1.341s] Level 1:colcon.colcon_core.package_identification:_identify(/home/mglee/Morai/src/MORAI-SensorExample/src/sensor_example) by extension 'ignore'
[1.341s] Level 1:colcon.colcon_core.package_identification:_identify(/home/mglee/Morai/src/MORAI-SensorExample/src/sensor_example) by extension 'ignore_ament_install'
[1.342s] Level 1:colcon.colcon_core.package_identification:_identify(/home/mglee/Morai/src/MORAI-SensorExample/src/sensor_example) by extensions ['colcon_pkg']
[1.342s] Level 1:colcon.colcon_core.package_identification:_identify(/home/mglee/Morai/src/MORAI-SensorExample/src/sensor_example) by extension 'colcon_pkg'
[1.342s] Level 1:colcon.colcon_core.package_identification:_identify(/home/mglee/Morai/src/MORAI-SensorExample/src/sensor_example) by extensions ['colcon_meta']
[1.342s] Level 1:colcon.colcon_core.package_identification:_identify(/home/mglee/Morai/src/MORAI-SensorExample/src/sensor_example) by extension 'colcon_meta'
[1.342s] Level 1:colcon.colcon_core.package_identification:_identify(/home/mglee/Morai/src/MORAI-SensorExample/src/sensor_example) by extensions ['ros']
[1.342s] Level 1:colcon.colcon_core.package_identification:_identify(/home/mglee/Morai/src/MORAI-SensorExample/src/sensor_example) by extension 'ros'
[1.342s] Level 1:colcon.colcon_core.package_identification:_identify(/home/mglee/Morai/src/MORAI-SensorExample/src/sensor_example) by extensions ['cmake', 'python']
[1.342s] Level 1:colcon.colcon_core.package_identification:_identify(/home/mglee/Morai/src/MORAI-SensorExample/src/sensor_example) by extension 'cmake'
[1.342s] Level 1:colcon.colcon_core.package_identification:_identify(/home/mglee/Morai/src/MORAI-SensorExample/src/sensor_example) by extension 'python'
[1.342s] Level 1:colcon.colcon_core.package_identification:_identify(/home/mglee/Morai/src/MORAI-SensorExample/src/sensor_example) by extensions ['python_setup_py']
[1.342s] Level 1:colcon.colcon_core.package_identification:_identify(/home/mglee/Morai/src/MORAI-SensorExample/src/sensor_example) by extension 'python_setup_py'
[1.342s] Level 1:colcon.colcon_core.package_identification:_identify(/home/mglee/Morai/src/MORAI-SensorExample/src/sensor_example/resource) by extensions ['ignore', 'ignore_ament_install']
[1.342s] Level 1:colcon.colcon_core.package_identification:_identify(/home/mglee/Morai/src/MORAI-SensorExample/src/sensor_example/resource) by extension 'ignore'
[1.342s] Level 1:colcon.colcon_core.package_identification:_identify(/home/mglee/Morai/src/MORAI-SensorExample/src/sensor_example/resource) by extension 'ignore_ament_install'
[1.342s] Level 1:colcon.colcon_core.package_identification:_identify(/home/mglee/Morai/src/MORAI-SensorExample/src/sensor_example/resource) by extensions ['colcon_pkg']
[1.342s] Level 1:colcon.colcon_core.package_identification:_identify(/home/mglee/Morai/src/MORAI-SensorExample/src/sensor_example/resource) by extension 'colcon_pkg'
[1.342s] Level 1:colcon.colcon_core.package_identification:_identify(/home/mglee/Morai/src/MORAI-SensorExample/src/sensor_example/resource) by extensions ['colcon_meta']
[1.342s] Level 1:colcon.colcon_core.package_identification:_identify(/home/mglee/Morai/src/MORAI-SensorExample/src/sensor_example/resource) by extension 'colcon_meta'
[1.342s] Level 1:colcon.colcon_core.package_identification:_identify(/home/mglee/Morai/src/MORAI-SensorExample/src/sensor_example/resource) by extensions ['ros']
[1.342s] Level 1:colcon.colcon_core.package_identification:_identify(/home/mglee/Morai/src/MORAI-SensorExample/src/sensor_example/resource) by extension 'ros'
[1.342s] Level 1:colcon.colcon_core.package_identification:_identify(/home/mglee/Morai/src/MORAI-SensorExample/src/sensor_example/resource) by extensions ['cmake', 'python']
[1.342s] Level 1:colcon.colcon_core.package_identification:_identify(/home/mglee/Morai/src/MORAI-SensorExample/src/sensor_example/resource) by extension 'cmake'
[1.342s] Level 1:colcon.colcon_core.package_identification:_identify(/home/mglee/Morai/src/MORAI-SensorExample/src/sensor_example/resource) by extension 'python'
[1.342s] Level 1:colcon.colcon_core.package_identification:_identify(/home/mglee/Morai/src/MORAI-SensorExample/src/sensor_example/resource) by extensions ['python_setup_py']
[1.342s] Level 1:colcon.colcon_core.package_identification:_identify(/home/mglee/Morai/src/MORAI-SensorExample/src/sensor_example/resource) by extension 'python_setup_py'
[1.342s] Level 1:colcon.colcon_core.package_identification:_identify(/home/mglee/Morai/src/log) by extensions ['ignore', 'ignore_ament_install']
[1.342s] Level 1:colcon.colcon_core.package_identification:_identify(/home/mglee/Morai/src/log) by extension 'ignore'
[1.342s] Level 1:colcon.colcon_core.package_identification:_identify(/home/mglee/Morai/src/log) ignored
[1.342s] Level 1:colcon.colcon_core.package_identification:_identify(/home/mglee/Morai/src/morai_rl) by extensions ['ignore', 'ignore_ament_install']
[1.342s] Level 1:colcon.colcon_core.package_identification:_identify(/home/mglee/Morai/src/morai_rl) by extension 'ignore'
[1.342s] Level 1:colcon.colcon_core.package_identification:_identify(/home/mglee/Morai/src/morai_rl) by extension 'ignore_ament_install'
[1.342s] Level 1:colcon.colcon_core.package_identification:_identify(/home/mglee/Morai/src/morai_rl) by extensions ['colcon_pkg']
[1.342s] Level 1:colcon.colcon_core.package_identification:_identify(/home/mglee/Morai/src/morai_rl) by extension 'colcon_pkg'
[1.342s] Level 1:colcon.colcon_core.package_identification:_identify(/home/mglee/Morai/src/morai_rl) by extensions ['colcon_meta']
[1.342s] Level 1:colcon.colcon_core.package_identification:_identify(/home/mglee/Morai/src/morai_rl) by extension 'colcon_meta'
[1.342s] Level 1:colcon.colcon_core.package_identification:_identify(/home/mglee/Morai/src/morai_rl) by extensions ['ros']
[1.342s] Level 1:colcon.colcon_core.package_identification:_identify(/home/mglee/Morai/src/morai_rl) by extension 'ros'
[1.343s] DEBUG:colcon.colcon_core.package_identification:Package '/home/mglee/Morai/src/morai_rl' with type 'ros.ament_python' and name 'morai_rl'
[1.343s] Level 1:colcon.colcon_core.package_discovery:discover_packages(recursive) using defaults
